This file contains any messages produced by compilers while
running configure, to aid debugging if configure makes a mistake.

It was created by Squish configure 1.0, which was
generated by GNU Autoconf 2.69.  Invocation command line was

  $ ./configure 

## --------- ##
## Platform. ##
## --------- ##

hostname = vermin
uname -m = i686
uname -r = 2.6.32-238.19.1.el5.028stab092.2
uname -s = Linux
uname -v = #1 SMP Thu Jul 21 19:23:22 MSD 2011

/usr/bin/uname -p = unknown
/bin/uname -X     = unknown

/bin/arch              = unknown
/usr/bin/arch -k       = unknown
/usr/convex/getsysinfo = unknown
/usr/bin/hostinfo      = unknown
/bin/machine           = unknown
/usr/bin/oslevel       = unknown
/bin/universe          = unknown

PATH: /home/jimmy/gcc-4.7/output/bin
PATH: /usr/local/rbenv/shims
PATH: /usr/local/rbenv/bin
PATH: /usr/local/bin
PATH: /usr/bin
PATH: /bin
PATH: /usr/local/games
PATH: /usr/games


## ----------- ##
## Core tests. ##
## ----------- ##

configure:1825: checking for a BSD-compatible install
configure:1893: result: /usr/bin/install -c
configure:1904: checking whether build environment is sane
configure:1959: result: yes
configure:2110: checking for a thread-safe mkdir -p
configure:2149: result: /bin/mkdir -p
configure:2156: checking for gawk
configure:2186: result: no
configure:2156: checking for mawk
configure:2172: found /usr/bin/mawk
configure:2183: result: mawk
configure:2194: checking whether make sets $(MAKE)
configure:2216: result: yes
configure:2414: checking for C++ compiler version
configure:2423: /home/jimmy/gcc-4.7/output/bin/g++-4.7 --version >&5
g++-4.7 (GCC) 4.7.1
Copyright (C) 2012 Free Software Foundation, Inc.
This is free software; see the source for copying conditions.  There is NO
warranty; not even for MERCHANTABILITY or FITNESS FOR A PARTICULAR PURPOSE.

configure:2434: $? = 0
configure:2423: /home/jimmy/gcc-4.7/output/bin/g++-4.7 -v >&5
Using built-in specs.
COLLECT_GCC=/home/jimmy/gcc-4.7/output/bin/g++-4.7
COLLECT_LTO_WRAPPER=/home/jimmy/gcc-4.7/output/libexec/gcc/i686-pc-linux-gnu/4.7.1/lto-wrapper
Target: i686-pc-linux-gnu
Configured with: ../../sources/gcc-4.7.1/configure --with-ppl=/home/jimmy/gcc-4.7/output --with-mpc=/home/jimmy/gcc-4.7/output --with-gmp=/home/jimmy/gcc-4.7/output --with-mpfr=/home/jimmy/gcc-4.7/output --enable-cloog-backend=isl --with-cloog=/home/jimmy/gcc-4.7/output --program-suffix=-4.7 --prefix=/home/jimmy/gcc-4.7/output LDFLAGS=-Wl,-no-keep-memory : (reconfigured) ../../sources/gcc-4.7.1/configure --with-ppl=/home/jimmy/gcc-4.7/output --with-mpc=/home/jimmy/gcc-4.7/output --with-gmp=/home/jimmy/gcc-4.7/output --with-mpfr=/home/jimmy/gcc-4.7/output --enable-cloog-backend=isl --with-cloog=/home/jimmy/gcc-4.7/output --program-suffix=-4.7 --prefix=/home/jimmy/gcc-4.7/output LDFLAGS=-Wl,-no-keep-memory --disable-libjava
Thread model: posix
gcc version 4.7.1 (GCC) 
configure:2434: $? = 0
configure:2423: /home/jimmy/gcc-4.7/output/bin/g++-4.7 -V >&5
g++-4.7: error: unrecognized command line option '-V'
g++-4.7: fatal error: no input files
compilation terminated.
configure:2434: $? = 1
configure:2423: /home/jimmy/gcc-4.7/output/bin/g++-4.7 -qversion >&5
g++-4.7: error: unrecognized command line option '-qversion'
g++-4.7: fatal error: no input files
compilation terminated.
configure:2434: $? = 1
configure:2454: checking whether the C++ compiler works
configure:2476: /home/jimmy/gcc-4.7/output/bin/g++-4.7 -std=c++11   conftest.cpp  >&5
configure:2480: $? = 0
configure:2528: result: yes
configure:2531: checking for C++ compiler default output file name
configure:2533: result: a.out
configure:2539: checking for suffix of executables
configure:2546: /home/jimmy/gcc-4.7/output/bin/g++-4.7 -o conftest -std=c++11   conftest.cpp  >&5
configure:2550: $? = 0
configure:2572: result: 
configure:2594: checking whether we are cross compiling
configure:2602: /home/jimmy/gcc-4.7/output/bin/g++-4.7 -o conftest -std=c++11   conftest.cpp  >&5
configure:2606: $? = 0
configure:2613: ./conftest
configure:2617: $? = 0
configure:2632: result: no
configure:2637: checking for suffix of object files
configure:2659: /home/jimmy/gcc-4.7/output/bin/g++-4.7 -c -std=c++11  conftest.cpp >&5
configure:2663: $? = 0
configure:2684: result: o
configure:2688: checking whether we are using the GNU C++ compiler
configure:2707: /home/jimmy/gcc-4.7/output/bin/g++-4.7 -c -std=c++11  conftest.cpp >&5
configure:2707: $? = 0
configure:2716: result: yes
configure:2725: checking whether /home/jimmy/gcc-4.7/output/bin/g++-4.7 accepts -g
configure:2745: /home/jimmy/gcc-4.7/output/bin/g++-4.7 -c -g  conftest.cpp >&5
configure:2745: $? = 0
configure:2786: result: yes
configure:2820: checking for style of include used by make
configure:2848: result: GNU
configure:2874: checking dependency style of /home/jimmy/gcc-4.7/output/bin/g++-4.7
configure:2985: result: gcc3
configure:3113: checking that generated files are newer than configure
configure:3119: result: done
configure:3142: creating ./config.status

## ---------------------- ##
## Running config.status. ##
## ---------------------- ##

This file was extended by Squish config.status 1.0, which was
generated by GNU Autoconf 2.69.  Invocation command line was

  CONFIG_FILES    = 
  CONFIG_HEADERS  = 
  CONFIG_LINKS    = 
  CONFIG_COMMANDS = 
  $ ./config.status 

on vermin

config.status:836: creating Makefile
config.status:836: creating Compress/Makefile
config.status:836: creating config.h
config.status:1017: config.h is unchanged
config.status:1065: executing depfiles commands

## ---------------- ##
## Cache variables. ##
## ---------------- ##

ac_cv_cxx_compiler_gnu=yes
ac_cv_env_CCC_set=
ac_cv_env_CCC_value=
ac_cv_env_CPPFLAGS_set=
ac_cv_env_CPPFLAGS_value=
ac_cv_env_CXXFLAGS_set=set
ac_cv_env_CXXFLAGS_value=-std=c++11
ac_cv_env_CXX_set=set
ac_cv_env_CXX_value=/home/jimmy/gcc-4.7/output/bin/g++-4.7
ac_cv_env_LDFLAGS_set=
ac_cv_env_LDFLAGS_value=
ac_cv_env_LIBS_set=
ac_cv_env_LIBS_value=
ac_cv_env_build_alias_set=
ac_cv_env_build_alias_value=
ac_cv_env_host_alias_set=
ac_cv_env_host_alias_value=
ac_cv_env_target_alias_set=
ac_cv_env_target_alias_value=
ac_cv_objext=o
ac_cv_path_install='/usr/bin/install -c'
ac_cv_path_mkdir=/bin/mkdir
ac_cv_prog_AWK=mawk
ac_cv_prog_cxx_g=yes
ac_cv_prog_make_make_set=yes
am_cv_CXX_dependencies_compiler_type=gcc3

## ----------------- ##
## Output variables. ##
## ----------------- ##

ACLOCAL='${SHELL} /home/jimmy/dev/squish/missing --run aclocal-1.12'
AMDEPBACKSLASH='\'
AMDEP_FALSE='#'
AMDEP_TRUE=''
AMTAR='$${TAR-tar}'
AUTOCONF='${SHELL} /home/jimmy/dev/squish/missing --run autoconf'
AUTOHEADER='${SHELL} /home/jimmy/dev/squish/missing --run autoheader'
AUTOMAKE='${SHELL} /home/jimmy/dev/squish/missing --run automake-1.12'
AWK='mawk'
CPPFLAGS=''
CXX='/home/jimmy/gcc-4.7/output/bin/g++-4.7'
CXXDEPMODE='depmode=gcc3'
CXXFLAGS='-std=c++11'
CYGPATH_W='echo'
DEFS='-DHAVE_CONFIG_H'
DEPDIR='.deps'
ECHO_C=''
ECHO_N='-n'
ECHO_T=''
EXEEXT=''
INSTALL_DATA='${INSTALL} -m 644'
INSTALL_PROGRAM='${INSTALL}'
INSTALL_SCRIPT='${INSTALL}'
INSTALL_STRIP_PROGRAM='$(install_sh) -c -s'
LDFLAGS=''
LIBOBJS=''
LIBS=''
LTLIBOBJS=''
MAKEINFO='${SHELL} /home/jimmy/dev/squish/missing --run makeinfo'
MKDIR_P='/bin/mkdir -p'
OBJEXT='o'
PACKAGE='squish'
PACKAGE_BUGREPORT='jimmy@doomkeeper.com'
PACKAGE_NAME='Squish'
PACKAGE_STRING='Squish 1.0'
PACKAGE_TARNAME='squish'
PACKAGE_URL=''
PACKAGE_VERSION='1.0'
PATH_SEPARATOR=':'
SET_MAKE=''
SHELL='/bin/bash'
STRIP=''
VERSION='1.0'
ac_ct_CXX=''
am__EXEEXT_FALSE=''
am__EXEEXT_TRUE='#'
am__fastdepCXX_FALSE='#'
am__fastdepCXX_TRUE=''
am__include='include'
am__isrc=''
am__leading_dot='.'
am__nodep='_no'
am__quote=''
am__tar='$${TAR-tar} chof - "$$tardir"'
am__untar='$${TAR-tar} xf -'
bindir='${exec_prefix}/bin'
build_alias=''
datadir='${datarootdir}'
datarootdir='${prefix}/share'
docdir='${datarootdir}/doc/${PACKAGE_TARNAME}'
dvidir='${docdir}'
exec_prefix='${prefix}'
host_alias=''
htmldir='${docdir}'
includedir='${prefix}/include'
infodir='${datarootdir}/info'
install_sh='${SHELL} /home/jimmy/dev/squish/install-sh'
libdir='${exec_prefix}/lib'
libexecdir='${exec_prefix}/libexec'
localedir='${datarootdir}/locale'
localstatedir='${prefix}/var'
mandir='${datarootdir}/man'
mkdir_p='$(MKDIR_P)'
oldincludedir='/usr/include'
pdfdir='${docdir}'
prefix='/usr/local'
program_transform_name='s,x,x,'
psdir='${docdir}'
sbindir='${exec_prefix}/sbin'
sharedstatedir='${prefix}/com'
sysconfdir='${prefix}/etc'
target_alias=''

## ----------- ##
## confdefs.h. ##
## ----------- ##

/* confdefs.h */
#define PACKAGE_NAME "Squish"
#define PACKAGE_TARNAME "squish"
#define PACKAGE_VERSION "1.0"
#define PACKAGE_STRING "Squish 1.0"
#define PACKAGE_BUGREPORT "jimmy@doomkeeper.com"
#define PACKAGE_URL ""
#define PACKAGE "squish"
#define VERSION "1.0"

configure: exit 0
